#! /opt/homebrew/Cellar/icarus-verilog/12.0/bin/vvp
:ivl_version "12.0 (stable)";
:ivl_delay_selection "TYPICAL";
:vpi_time_precision - 12;
:vpi_module "/opt/homebrew/Cellar/icarus-verilog/12.0/lib/ivl/system.vpi";
:vpi_module "/opt/homebrew/Cellar/icarus-verilog/12.0/lib/ivl/vhdl_sys.vpi";
:vpi_module "/opt/homebrew/Cellar/icarus-verilog/12.0/lib/ivl/vhdl_textio.vpi";
:vpi_module "/opt/homebrew/Cellar/icarus-verilog/12.0/lib/ivl/v2005_math.vpi";
:vpi_module "/opt/homebrew/Cellar/icarus-verilog/12.0/lib/ivl/va_math.vpi";
S_0x135606f60 .scope module, "MOV" "MOV" 2 4;
 .timescale -9 -12;
    .port_info 0 /INPUT 4 "s0";
    .port_info 1 /INPUT 4 "s1";
    .port_info 2 /INPUT 4 "s2";
    .port_info 3 /INPUT 2 "mode";
    .port_info 4 /INPUT 1 "rstn";
    .port_info 5 /INPUT 1 "clk";
    .port_info 6 /OUTPUT 32 "destprev";
    .port_info 7 /OUTPUT 32 "reg1";
    .port_info 8 /OUTPUT 32 "reg2";
    .port_info 9 /OUTPUT 32 "destnew";
    .port_info 10 /OUTPUT 1 "Cy";
v0x1356125e0_0 .var "Cy", 0 0;
v0x135622190 .array "RegFile", 0 31, 15 0;
o0x138040040 .functor BUFZ 1, C4<z>; HiZ drive
v0x135622230_0 .net "clk", 0 0, o0x138040040;  0 drivers
v0x1356222c0_0 .var "destnew", 31 0;
v0x135622370_0 .var "destprev", 31 0;
v0x135622460_0 .var/i "i", 31 0;
o0x138040100 .functor BUFZ 2, C4<zz>; HiZ drive
v0x135622510_0 .net "mode", 1 0, o0x138040100;  0 drivers
v0x1356225c0_0 .var "reg1", 31 0;
v0x135622670_0 .var "reg2", 31 0;
o0x138040190 .functor BUFZ 1, C4<z>; HiZ drive
v0x135622780_0 .net "rstn", 0 0, o0x138040190;  0 drivers
o0x1380401c0 .functor BUFZ 4, C4<zzzz>; HiZ drive
v0x135622820_0 .net "s0", 3 0, o0x1380401c0;  0 drivers
o0x1380401f0 .functor BUFZ 4, C4<zzzz>; HiZ drive
v0x1356228d0_0 .net "s1", 3 0, o0x1380401f0;  0 drivers
o0x138040220 .functor BUFZ 4, C4<zzzz>; HiZ drive
v0x135622980_0 .net "s2", 3 0, o0x138040220;  0 drivers
v0x135622a30_0 .var "temp", 32 0;
E_0x135609570 .event posedge, v0x135622780_0, v0x135622230_0;
    .scope S_0x135606f60;
T_0 ;
    %wait E_0x135609570;
    %load/vec4 v0x135622780_0;
    %flag_set/vec4 8;
    %jmp/0xz  T_0.0, 8;
    %pushi/vec4 0, 0, 32;
    %store/vec4 v0x135622460_0, 0, 32;
T_0.2 ;
    %load/vec4 v0x135622460_0;
    %cmpi/s 16, 0, 32;
    %jmp/0xz T_0.3, 5;
    %pushi/vec4 1, 0, 32;
    %load/vec4 v0x135622460_0;
    %ix/vec4 4;
    %shiftl 4;
    %pad/u 16;
    %ix/getv/s 4, v0x135622460_0;
    %store/vec4a v0x135622190, 4, 0;
    %load/vec4 v0x135622460_0;
    %addi 1, 0, 32;
    %store/vec4 v0x135622460_0, 0, 32;
    %jmp T_0.2;
T_0.3 ;
    %load/vec4 v0x135622820_0;
    %pad/u 7;
    %ix/vec4 4;
    %load/vec4a v0x135622190, 4;
    %pad/u 32;
    %store/vec4 v0x1356225c0_0, 0, 32;
    %load/vec4 v0x1356228d0_0;
    %pad/u 7;
    %ix/vec4 4;
    %load/vec4a v0x135622190, 4;
    %pad/u 32;
    %store/vec4 v0x135622670_0, 0, 32;
    %load/vec4 v0x135622980_0;
    %pad/u 7;
    %ix/vec4 4;
    %load/vec4a v0x135622190, 4;
    %pad/u 32;
    %store/vec4 v0x135622370_0, 0, 32;
    %load/vec4 v0x135622980_0;
    %pad/u 7;
    %ix/vec4 4;
    %load/vec4a v0x135622190, 4;
    %pad/u 32;
    %store/vec4 v0x1356222c0_0, 0, 32;
    %pushi/vec4 0, 0, 1;
    %store/vec4 v0x1356125e0_0, 0, 1;
    %jmp T_0.1;
T_0.0 ;
    %load/vec4 v0x135622510_0;
    %cmpi/e 1, 0, 2;
    %jmp/0xz  T_0.4, 4;
    %load/vec4 v0x135622820_0;
    %pad/u 7;
    %ix/vec4 4;
    %load/vec4a v0x135622190, 4;
    %pad/u 32;
    %store/vec4 v0x1356225c0_0, 0, 32;
    %load/vec4 v0x1356228d0_0;
    %pad/u 7;
    %ix/vec4 4;
    %load/vec4a v0x135622190, 4;
    %pad/u 32;
    %store/vec4 v0x135622670_0, 0, 32;
    %load/vec4 v0x135622980_0;
    %pad/u 7;
    %ix/vec4 4;
    %load/vec4a v0x135622190, 4;
    %pad/u 32;
    %store/vec4 v0x135622370_0, 0, 32;
    %load/vec4 v0x135622820_0;
    %pad/u 7;
    %ix/vec4 4;
    %load/vec4a v0x135622190, 4;
    %pad/u 33;
    %load/vec4 v0x1356228d0_0;
    %pad/u 7;
    %ix/vec4 4;
    %load/vec4a v0x135622190, 4;
    %pad/u 33;
    %add;
    %store/vec4 v0x135622a30_0, 0, 33;
    %load/vec4 v0x135622a30_0;
    %parti/s 32, 0, 2;
    %pad/u 16;
    %load/vec4 v0x135622980_0;
    %pad/u 7;
    %ix/vec4 4;
    %store/vec4a v0x135622190, 4, 0;
    %load/vec4 v0x135622a30_0;
    %parti/s 1, 32, 7;
    %store/vec4 v0x1356125e0_0, 0, 1;
    %load/vec4 v0x135622980_0;
    %pad/u 7;
    %ix/vec4 4;
    %load/vec4a v0x135622190, 4;
    %pad/u 32;
    %store/vec4 v0x1356222c0_0, 0, 32;
    %jmp T_0.5;
T_0.4 ;
    %load/vec4 v0x135622510_0;
    %cmpi/e 2, 0, 2;
    %jmp/0xz  T_0.6, 4;
    %load/vec4 v0x135622820_0;
    %pad/u 7;
    %ix/vec4 4;
    %load/vec4a v0x135622190, 4;
    %pad/u 32;
    %store/vec4 v0x1356225c0_0, 0, 32;
    %load/vec4 v0x1356228d0_0;
    %pad/u 7;
    %ix/vec4 4;
    %load/vec4a v0x135622190, 4;
    %pad/u 32;
    %store/vec4 v0x135622670_0, 0, 32;
    %load/vec4 v0x135622980_0;
    %pad/u 7;
    %ix/vec4 4;
    %load/vec4a v0x135622190, 4;
    %pad/u 32;
    %store/vec4 v0x135622370_0, 0, 32;
    %load/vec4 v0x135622820_0;
    %pad/u 7;
    %ix/vec4 4;
    %load/vec4a v0x135622190, 4;
    %load/vec4 v0x1356228d0_0;
    %pad/u 7;
    %ix/vec4 4;
    %load/vec4a v0x135622190, 4;
    %and;
    %load/vec4 v0x135622980_0;
    %pad/u 7;
    %ix/vec4 4;
    %store/vec4a v0x135622190, 4, 0;
    %load/vec4 v0x135622980_0;
    %pad/u 7;
    %ix/vec4 4;
    %load/vec4a v0x135622190, 4;
    %pad/u 32;
    %store/vec4 v0x1356222c0_0, 0, 32;
T_0.6 ;
T_0.5 ;
T_0.1 ;
    %jmp T_0;
    .thread T_0;
# The file index is used to find the file name in the following table.
:file_names 3;
    "N/A";
    "<interactive>";
    "Register.v";
